17:09:43 execve("./cprog", ["./cprog"], 0x7ffd8bd89bb8 /* 119 vars */) = 0 <0.000174>
17:09:43 brk(NULL)                      = 0x5ce9b8992000 <0.000005>
17:09:43 access("/etc/ld.so.preload", R_OK) = -1 ENOENT (No such file or directory) <0.000022>
17:09:43 openat(AT_FDCWD, "/etc/ld.so.cache", O_RDONLY|O_CLOEXEC) = 3 <0.000008>
17:09:43 fstat(3, {st_mode=S_IFREG|0644, st_size=338967, ...}) = 0 <0.000006>
17:09:43 mmap(NULL, 338967, PROT_READ, MAP_PRIVATE, 3, 0) = 0x7f17f058e000 <0.000007>
17:09:43 close(3)                       = 0 <0.000005>
17:09:43 openat(AT_FDCWD, "/usr/lib/libc.so.6", O_RDONLY|O_CLOEXEC) = 3 <0.000007>
17:09:43 read(3, "\177ELF\2\1\1\3\0\0\0\0\0\0\0\0\3\0>\0\1\0\0\0`^\2\0\0\0\0\0"..., 832) = 832 <0.000006>
17:09:43 pread64(3, "\6\0\0\0\4\0\0\0@\0\0\0\0\0\0\0@\0\0\0\0\0\0\0@\0\0\0\0\0\0\0"..., 784, 64) = 784 <0.000005>
17:09:43 fstat(3, {st_mode=S_IFREG|0755, st_size=1989944, ...}) = 0 <0.000005>
17:09:43 mmap(NULL, 8192, PROT_READ|PROT_WRITE, MAP_PRIVATE|MAP_ANONYMOUS, -1, 0) = 0x7f17f058c000 <0.000008>
17:09:43 pread64(3, "\6\0\0\0\4\0\0\0@\0\0\0\0\0\0\0@\0\0\0\0\0\0\0@\0\0\0\0\0\0\0"..., 784, 64) = 784 <0.000005>
17:09:43 mmap(NULL, 2014064, PROT_READ, MAP_PRIVATE|MAP_DENYWRITE, 3, 0) = 0x7f17f03a0000 <0.000006>
17:09:43 mmap(0x7f17f03c4000, 1490944, PROT_READ|PROT_EXEC, MAP_PRIVATE|MAP_FIXED|MAP_DENYWRITE, 3, 0x24000) = 0x7f17f03c4000 <0.000010>
17:09:43 mmap(0x7f17f0530000, 319488, PROT_READ, MAP_PRIVATE|MAP_FIXED|MAP_DENYWRITE, 3, 0x190000) = 0x7f17f0530000 <0.000008>
17:09:43 mmap(0x7f17f057e000, 24576, PROT_READ|PROT_WRITE, MAP_PRIVATE|MAP_FIXED|MAP_DENYWRITE, 3, 0x1dd000) = 0x7f17f057e000 <0.000008>
17:09:43 mmap(0x7f17f0584000, 31600, PROT_READ|PROT_WRITE, MAP_PRIVATE|MAP_FIXED|MAP_ANONYMOUS, -1, 0) = 0x7f17f0584000 <0.000007>
17:09:43 close(3)                       = 0 <0.000005>
17:09:43 mmap(NULL, 12288, PROT_READ|PROT_WRITE, MAP_PRIVATE|MAP_ANONYMOUS, -1, 0) = 0x7f17f039d000 <0.000007>
17:09:43 arch_prctl(ARCH_SET_FS, 0x7f17f039d740) = 0 <0.000005>
17:09:43 set_tid_address(0x7f17f039da10) = 250169 <0.000005>
17:09:43 set_robust_list(0x7f17f039da20, 24) = 0 <0.000005>
17:09:43 rseq(0x7f17f039e060, 0x20, 0, 0x53053053) = 0 <0.000005>
17:09:43 mprotect(0x7f17f057e000, 16384, PROT_READ) = 0 <0.000008>
17:09:43 mprotect(0x5ce99ec1a000, 4096, PROT_READ) = 0 <0.000007>
17:09:43 mprotect(0x7f17f0619000, 8192, PROT_READ) = 0 <0.000007>
17:09:43 prlimit64(0, RLIMIT_STACK, NULL, {rlim_cur=8192*1024, rlim_max=RLIM64_INFINITY}) = 0 <0.000005>
17:09:43 munmap(0x7f17f058e000, 338967) = 0 <0.000015>
17:09:43 fstat(1, {st_mode=S_IFCHR|0620, st_rdev=makedev(0x88, 0x5), ...}) = 0 <0.000006>
17:09:43 getrandom("\xeb\xe1\x5e\xb7\xb8\x2c\x0a\x9f", 8, GRND_NONBLOCK) = 8 <0.000005>
17:09:43 brk(NULL)                      = 0x5ce9b8992000 <0.000005>
17:09:43 brk(0x5ce9b89b3000)            = 0x5ce9b89b3000 <0.000009>
17:09:43 write(1, "Hello World!\n", 13) = 13 <0.000009>
17:09:43 exit_group(0)                  = ?
17:09:43 +++ exited with 0 +++
