17:56:56 execve("/usr/bin/ls", ["ls", "full"], 0x7ffcad0d6d40 /* 119 vars */) = 0 <0.000244>
17:56:56 brk(NULL)                      = 0x619e3602c000 <0.000006>
17:56:56 access("/etc/ld.so.preload", R_OK) = -1 ENOENT (No such file or directory) <0.000008>
17:56:56 openat(AT_FDCWD, "/etc/ld.so.cache", O_RDONLY|O_CLOEXEC) = 3 <0.000014>
17:56:56 fstat(3, {st_mode=S_IFREG|0644, st_size=340971, ...}) = 0 <0.000006>
17:56:56 mmap(NULL, 340971, PROT_READ, MAP_PRIVATE, 3, 0) = 0x7e1ccec98000 <0.000009>
17:56:56 close(3)                       = 0 <0.000005>
17:56:56 openat(AT_FDCWD, "/usr/lib/libcap.so.2", O_RDONLY|O_CLOEXEC) = 3 <0.000008>
17:56:56 read(3, "\177ELF\2\1\1\0\0\0\0\0\0\0\0\0\3\0>\0\1\0\0\0\200z\0\0\0\0\0\0"..., 832) = 832 <0.000006>
17:56:56 fstat(3, {st_mode=S_IFREG|0755, st_size=43064, ...}) = 0 <0.000005>
17:56:56 mmap(NULL, 8192, PROT_READ|PROT_WRITE, MAP_PRIVATE|MAP_ANONYMOUS, -1, 0) = 0x7e1ccec96000 <0.000007>
17:56:56 mmap(NULL, 45128, PROT_READ, MAP_PRIVATE|MAP_DENYWRITE, 3, 0) = 0x7e1ccec8a000 <0.000007>
17:56:56 mmap(0x7e1ccec8d000, 20480, PROT_READ|PROT_EXEC, MAP_PRIVATE|MAP_FIXED|MAP_DENYWRITE, 3, 0x3000) = 0x7e1ccec8d000 <0.000011>
17:56:56 mmap(0x7e1ccec92000, 8192, PROT_READ, MAP_PRIVATE|MAP_FIXED|MAP_DENYWRITE, 3, 0x8000) = 0x7e1ccec92000 <0.000008>
17:56:56 mmap(0x7e1ccec94000, 8192, PROT_READ|PROT_WRITE, MAP_PRIVATE|MAP_FIXED|MAP_DENYWRITE, 3, 0x9000) = 0x7e1ccec94000 <0.000008>
17:56:56 close(3)                       = 0 <0.000005>
17:56:56 openat(AT_FDCWD, "/usr/lib/libc.so.6", O_RDONLY|O_CLOEXEC) = 3 <0.000008>
17:56:56 read(3, "\177ELF\2\1\1\3\0\0\0\0\0\0\0\0\3\0>\0\1\0\0\0`^\2\0\0\0\0\0"..., 832) = 832 <0.000005>
17:56:56 pread64(3, "\6\0\0\0\4\0\0\0@\0\0\0\0\0\0\0@\0\0\0\0\0\0\0@\0\0\0\0\0\0\0"..., 784, 64) = 784 <0.000005>
17:56:56 fstat(3, {st_mode=S_IFREG|0755, st_size=1989944, ...}) = 0 <0.000005>
17:56:56 pread64(3, "\6\0\0\0\4\0\0\0@\0\0\0\0\0\0\0@\0\0\0\0\0\0\0@\0\0\0\0\0\0\0"..., 784, 64) = 784 <0.000005>
17:56:56 mmap(NULL, 2014064, PROT_READ, MAP_PRIVATE|MAP_DENYWRITE, 3, 0) = 0x7e1ccea9e000 <0.000007>
17:56:56 mmap(0x7e1cceac2000, 1490944, PROT_READ|PROT_EXEC, MAP_PRIVATE|MAP_FIXED|MAP_DENYWRITE, 3, 0x24000) = 0x7e1cceac2000 <0.000011>
17:56:56 mmap(0x7e1ccec2e000, 319488, PROT_READ, MAP_PRIVATE|MAP_FIXED|MAP_DENYWRITE, 3, 0x190000) = 0x7e1ccec2e000 <0.000008>
17:56:56 mmap(0x7e1ccec7c000, 24576, PROT_READ|PROT_WRITE, MAP_PRIVATE|MAP_FIXED|MAP_DENYWRITE, 3, 0x1dd000) = 0x7e1ccec7c000 <0.000009>
17:56:56 mmap(0x7e1ccec82000, 31600, PROT_READ|PROT_WRITE, MAP_PRIVATE|MAP_FIXED|MAP_ANONYMOUS, -1, 0) = 0x7e1ccec82000 <0.000010>
17:56:56 close(3)                       = 0 <0.000005>
17:56:56 mmap(NULL, 12288, PROT_READ|PROT_WRITE, MAP_PRIVATE|MAP_ANONYMOUS, -1, 0) = 0x7e1ccea9b000 <0.000007>
17:56:56 arch_prctl(ARCH_SET_FS, 0x7e1ccea9b740) = 0 <0.000005>
17:56:56 set_tid_address(0x7e1ccea9ba10) = 259188 <0.000005>
17:56:56 set_robust_list(0x7e1ccea9ba20, 24) = 0 <0.000005>
17:56:56 rseq(0x7e1ccea9c060, 0x20, 0, 0x53053053) = 0 <0.000005>
17:56:56 mprotect(0x7e1ccec7c000, 16384, PROT_READ) = 0 <0.000009>
17:56:56 mprotect(0x7e1ccec94000, 4096, PROT_READ) = 0 <0.000008>
17:56:56 mprotect(0x619e0020a000, 8192, PROT_READ) = 0 <0.000010>
17:56:56 mprotect(0x7e1cced24000, 8192, PROT_READ) = 0 <0.000008>
17:56:56 prlimit64(0, RLIMIT_STACK, NULL, {rlim_cur=8192*1024, rlim_max=RLIM64_INFINITY}) = 0 <0.000006>
17:56:56 munmap(0x7e1ccec98000, 340971) = 0 <0.000017>
17:56:56 prctl(PR_CAPBSET_READ, CAP_MAC_OVERRIDE) = 1 <0.000006>
17:56:56 prctl(PR_CAPBSET_READ, 0x30 /* CAP_??? */) = -1 EINVAL (Invalid argument) <0.000005>
17:56:56 prctl(PR_CAPBSET_READ, CAP_CHECKPOINT_RESTORE) = 1 <0.000005>
17:56:56 prctl(PR_CAPBSET_READ, 0x2c /* CAP_??? */) = -1 EINVAL (Invalid argument) <0.000005>
17:56:56 prctl(PR_CAPBSET_READ, 0x2a /* CAP_??? */) = -1 EINVAL (Invalid argument) <0.000005>
17:56:56 prctl(PR_CAPBSET_READ, 0x29 /* CAP_??? */) = -1 EINVAL (Invalid argument) <0.000005>
17:56:56 getrandom("\xae\x13\xdf\x37\x95\x0c\xfe\x11", 8, GRND_NONBLOCK) = 8 <0.000006>
17:56:56 brk(NULL)                      = 0x619e3602c000 <0.000005>
17:56:56 brk(0x619e3604d000)            = 0x619e3604d000 <0.000007>
17:56:56 openat(AT_FDCWD, "/usr/lib/locale/locale-archive", O_RDONLY|O_CLOEXEC) = 3 <0.000009>
17:56:56 fstat(3, {st_mode=S_IFREG|0644, st_size=6018544, ...}) = 0 <0.000005>
17:56:56 mmap(NULL, 6018544, PROT_READ, MAP_PRIVATE, 3, 0) = 0x7e1cce400000 <0.000007>
17:56:56 close(3)                       = 0 <0.000005>
17:56:56 ioctl(1, TCGETS, {c_iflag=ICRNL|IXON, c_oflag=NL0|CR0|TAB0|BS0|VT0|FF0|OPOST|ONLCR, c_cflag=B38400|CS8|CREAD, c_lflag=ISIG|ICANON|ECHO|ECHOE|ECHOK|IEXTEN|ECHOCTL|ECHOKE, ...}) = 0 <0.000008>
17:56:56 ioctl(1, TIOCGWINSZ, {ws_row=69, ws_col=133, ws_xpixel=931, ws_ypixel=1035}) = 0 <0.000005>
17:56:56 statx(AT_FDCWD, "full", AT_STATX_SYNC_AS_STAT|AT_NO_AUTOMOUNT, STATX_MODE, {stx_mask=STATX_BASIC_STATS|STATX_MNT_ID, stx_attributes=0, stx_mode=S_IFDIR|0755, stx_size=4096, ...}) = 0 <0.000007>
17:56:56 openat(AT_FDCWD, "full", O_RDONLY|O_NONBLOCK|O_CLOEXEC|O_DIRECTORY) = 3 <0.000011>
17:56:56 fstat(3, {st_mode=S_IFDIR|0755, st_size=4096, ...}) = 0 <0.000005>
17:56:56 getdents64(3, 0x619e36032730 /* 10 entries */, 32768) = 312 <0.000013>
17:56:56 getdents64(3, 0x619e36032730 /* 0 entries */, 32768) = 0 <0.000006>
17:56:56 close(3)                       = 0 <0.000007>
17:56:56 fstat(1, {st_mode=S_IFCHR|0620, st_rdev=makedev(0x88, 0x1), ...}) = 0 <0.000006>
17:56:56 write(1, "binaryfile  emptydir  emptyfile."..., 82) = 82 <0.000008>
17:56:56 close(1)                       = 0 <0.000005>
17:56:56 close(2)                       = 0 <0.000007>
17:56:56 exit_group(0)                  = ?
17:56:56 +++ exited with 0 +++
